<?xml version="1.0" encoding="UTF-8"?>
<testng-results ignored="0" total="1" passed="1" failed="0" skipped="0">
  <reporter-output>
  </reporter-output>
  <suite started-at="2021-11-03T13:06:15 IST" name="Default Suite" finished-at="2021-11-03T13:06:16 IST" duration-ms="1604">
    <groups>
    </groups>
    <test started-at="2021-11-03T13:06:15 IST" name="exercise1_aryat" finished-at="2021-11-03T13:06:16 IST" duration-ms="1604">
      <class name="RestPrograms.HTTP_POST_Ex">
        <test-method signature="postMethod()[pri:0, instance:RestPrograms.HTTP_POST_Ex@2ed0fbae]" started-at="2021-11-03T13:06:15 IST" name="postMethod" finished-at="2021-11-03T13:06:16 IST" duration-ms="1562" status="PASS">
          <reporter-output>
          </reporter-output>
        </test-method> <!-- postMethod -->
      </class> <!-- RestPrograms.HTTP_POST_Ex -->
    </test> <!-- exercise1_aryat -->
  </suite> <!-- Default Suite -->
</testng-results>
